<?xml version='1.0' encoding='UTF-8'?>
<testsuite hostname="NOTYOURCOMPUTER" name="recfun.RecFunSuite" tests="11" errors="0" failures="0" skipped="0" time="0.047" timestamp="2021-12-10T13:19:00">
          <properties>
      <property name="java.specification.version" value="17"/><property name="sun.jnu.encoding" value="UTF-8"/><property name="sun.arch.data.model" value="64"/><property name="bootstrap.mainClass" value="xsbt.boot.Boot"/><property name="java.vendor.url" value="https://java.oracle.com/"/><property name="sun.boot.library.path" value="/usr/lib/jvm/jdk-17/lib"/><property name="sun.java.command" value="/home/wxooi15/.local/share/coursier/bin/sbt"/><property name="jdk.debug" value="release"/><property name="sun.stderr.encoding" value="UTF-8"/><property name="java.specification.vendor" value="Oracle Corporation"/><property name="java.version.date" value="2021-10-19"/><property name="java.home" value="/usr/lib/jvm/jdk-17"/><property name="file.separator" value="/"/><property name="java.vm.compressedOopsMode" value="32-bit"/><property name="line.separator" value="
"/><property name="sun.stdout.encoding" value="UTF-8"/><property name="java.vm.specification.vendor" value="Oracle Corporation"/><property name="java.specification.name" value="Java Platform API Specification"/><property name="sun.management.compiler" value="HotSpot 64-Bit Tiered Compilers"/><property name="java.runtime.version" value="17.0.1+12-LTS-39"/><property name="user.name" value="wxooi15"/><property name="log4j.ignoreTCL" value="true"/><property name="file.encoding" value="UTF-8"/><property name="jnidispatch.path" value="/home/wxooi15/.cache/JNA/temp/jna14197764596185302657.tmp"/><property name="jna.loaded" value="true"/><property name="java.io.tmpdir" value="/tmp"/><property name="java.version" value="17.0.1"/><property name="java.vm.specification.name" value="Java Virtual Machine Specification"/><property name="native.encoding" value="UTF-8"/><property name="java.library.path" value="/usr/java/packages/lib:/usr/lib64:/lib64:/lib:/usr/lib"/><property name="java.vendor" value="Oracle Corporation"/><property name="sun.io.unicode.encoding" value="UnicodeLittle"/><property name="java.class.path" value="/home/wxooi15/.local/share/coursier/bin/sbt:/home/wxooi15/.cache/coursier/v1/https/repo1.maven.org/maven2/io/get-coursier/sbt/sbt-runner/0.2.0/sbt-runner-0.2.0.jar:/home/wxooi15/.cache/coursier/v1/https/repo1.maven.org/maven2/org/scala-sbt/sbt-launch/1.5.5/sbt-launch-1.5.5.jar"/><property name="java.vm.vendor" value="Oracle Corporation"/><property name="coursier.mainJar" value="/home/wxooi15/.local/share/coursier/bin/sbt"/><property name="jline.shutdownhook" value="false"/><property name="user.timezone" value="Asia/Kuala_Lumpur"/><property name="java.vm.specification.version" value="17"/><property name="os.name" value="Linux"/><property name="sun.java.launcher" value="SUN_STANDARD"/><property name="user.country" value="US"/><property name="sun.cpu.endian" value="little"/><property name="user.home" value="/home/wxooi15"/><property name="user.language" value="en"/><property name="swoval.tmpdir" value="/home/wxooi15/.sbt/1.0"/><property name="jline.esc.timeout" value="0"/><property name="path.separator" value=":"/><property name="os.version" value="5.11.0-41-generic"/><property name="jna.nosys" value="true"/><property name="java.runtime.name" value="Java(TM) SE Runtime Environment"/><property name="java.vm.name" value="Java HotSpot(TM) 64-Bit Server VM"/><property name="jna.platform.library.path" value="/usr/lib/x86_64-linux-gnu:/lib/x86_64-linux-gnu:/usr/lib64:/lib64:/usr/lib:/lib:/lib32:/libx32:/lib/i386-linux-gnu"/><property name="java.vendor.url.bug" value="https://bugreport.java.com/bugreport/"/><property name="sbt-launch.version" value="1.5.5"/><property name="user.dir" value="/home/wxooi15/Desktop/EPFL Functional Programming in Scala/Course1/recfun"/><property name="os.arch" value="amd64"/><property name="java.vm.info" value="mixed mode, sharing"/><property name="java.vm.version" value="17.0.1+12-LTS-39"/><property name="java.class.version" value="61.0"/>
    </properties>
          <testcase classname="recfun.RecFunSuite" name="balance: '(if (zero? x) max (/ 1 x))' is balanced" time="0.027">
                      
                    </testcase><testcase classname="recfun.RecFunSuite" name="balance: 'I told him ...' is balanced" time="0.002">
                      
                    </testcase><testcase classname="recfun.RecFunSuite" name="balance: ':-)' is unbalanced" time="0.001">
                      
                    </testcase><testcase classname="recfun.RecFunSuite" name="balance: counting is not enough" time="0.001">
                      
                    </testcase><testcase classname="recfun.RecFunSuite" name="countChange: example given in instructions" time="0.006">
                      
                    </testcase><testcase classname="recfun.RecFunSuite" name="countChange: sorted CHF" time="0.003">
                      
                    </testcase><testcase classname="recfun.RecFunSuite" name="countChange: no pennies" time="0.001">
                      
                    </testcase><testcase classname="recfun.RecFunSuite" name="countChange: unsorted CHF" time="0.001">
                      
                    </testcase><testcase classname="recfun.RecFunSuite" name="pascal: col=0,row=2" time="0.002">
                      
                    </testcase><testcase classname="recfun.RecFunSuite" name="pascal: col=1,row=2" time="0.001">
                      
                    </testcase><testcase classname="recfun.RecFunSuite" name="pascal: col=1,row=3" time="0.002">
                      
                    </testcase>
          <system-out><![CDATA[]]></system-out>
          <system-err><![CDATA[]]></system-err>
        </testsuite>